Start testing: Jun 21 00:42 India Standard Time
----------------------------------------------------------
1/1 Testing: cpp_tests
1/1 Test: cpp_tests
Command: "C:/Users/balav/.gemini/antigravity/scratch/sketchlog/build-check/Release/tests_cpp.exe"
Directory: C:/Users/balav/.gemini/antigravity/scratch/sketchlog/build-check
"cpp_tests" start time: Jun 21 00:42 India Standard Time
Output:
----------------------------------------------------------
test_constructor_validation passed
test_ddsketch_nan_inf_validation passed
test_nan_and_inf_handling passed
test_negative_zero_counts passed
test_cardinality passed
test_merge_mismatch passed
test_overflow_guards passed
All tests passed successfully.
<end of output>
Test time =   0.04 sec
----------------------------------------------------------
Test Passed.
"cpp_tests" end time: Jun 21 00:42 India Standard Time
"cpp_tests" time elapsed: 00:00:00
----------------------------------------------------------

End testing: Jun 21 00:42 India Standard Time
